1754597435.568154 client started (12690): version 3.5a, socket /tmp/tmux-0/default, protocol 8
1754597435.568172 on FreeBSD 14.3-RELEASE FreeBSD 14.3-RELEASE releng/14.3-n271432-8c9ce319fef7 GENERIC
1754597435.568178 using libevent 2.1.12-stable poll
1754597435.568181 using ncurses 6.5 20240427
1754597435.568208 flags are 0x18010000
1754597435.568212 socket is /tmp/tmux-0/default
1754597435.568219 trying connect
1754597435.568230 connect failed: Connection refused
1754597435.568236 lock file is /tmp/tmux-0/default.lock
1754597435.568287 flock succeeded
1754597435.568292 got lock (6)
1754597435.568295 trying connect
1754597435.568299 connect failed: Connection refused
1754597435.568550 add peer 0x13064c4a6740: 7 (0x0)
1754597435.571041 sending message 111 to peer 0x13064c4a6740 (8 bytes)
1754597435.571067 sending message 111 to peer 0x13064c4a6740 (8 bytes)
1754597435.571072 sending message 101 to peer 0x13064c4a6740 (12 bytes)
1754597435.571076 sending message 109 to peer 0x13064c4a6740 (4 bytes)
1754597435.571080 sending message 102 to peer 0x13064c4a6740 (11 bytes)
1754597435.571089 sending message 108 to peer 0x13064c4a6740 (17 bytes)
1754597435.571093 sending message 112 to peer 0x13064c4a6740 (58 bytes)
1754597435.571097 sending message 112 to peer 0x13064c4a6740 (5 bytes)
1754597435.571101 sending message 112 to peer 0x13064c4a6740 (5 bytes)
1754597435.571105 sending message 112 to peer 0x13064c4a6740 (6 bytes)
1754597435.571108 sending message 112 to peer 0x13064c4a6740 (6 bytes)
1754597435.571112 sending message 112 to peer 0x13064c4a6740 (10 bytes)
1754597435.571117 sending message 112 to peer 0x13064c4a6740 (13 bytes)
1754597435.571121 sending message 112 to peer 0x13064c4a6740 (14 bytes)
1754597435.571125 sending message 112 to peer 0x13064c4a6740 (19 bytes)
1754597435.571128 sending message 112 to peer 0x13064c4a6740 (11 bytes)
1754597435.571132 sending message 112 to peer 0x13064c4a6740 (21 bytes)
1754597435.571136 sending message 112 to peer 0x13064c4a6740 (13 bytes)
1754597435.571139 sending message 112 to peer 0x13064c4a6740 (7 bytes)
1754597435.571146 sending message 112 to peer 0x13064c4a6740 (13 bytes)
1754597435.571149 sending message 112 to peer 0x13064c4a6740 (7 bytes)
1754597435.571153 sending message 112 to peer 0x13064c4a6740 (13 bytes)
1754597435.571157 sending message 112 to peer 0x13064c4a6740 (9 bytes)
1754597435.571160 sending message 112 to peer 0x13064c4a6740 (21 bytes)
1754597435.571164 sending message 112 to peer 0x13064c4a6740 (13 bytes)
1754597435.571168 sending message 112 to peer 0x13064c4a6740 (9 bytes)
1754597435.571173 sending message 112 to peer 0x13064c4a6740 (16 bytes)
1754597435.571177 sending message 112 to peer 0x13064c4a6740 (13 bytes)
1754597435.571181 sending message 112 to peer 0x13064c4a6740 (9 bytes)
1754597435.571184 sending message 112 to peer 0x13064c4a6740 (9 bytes)
1754597435.571188 sending message 112 to peer 0x13064c4a6740 (12 bytes)
1754597435.571191 sending message 112 to peer 0x13064c4a6740 (8 bytes)
1754597435.571195 sending message 112 to peer 0x13064c4a6740 (13 bytes)
1754597435.571201 sending message 112 to peer 0x13064c4a6740 (7 bytes)
1754597435.571204 sending message 112 to peer 0x13064c4a6740 (7 bytes)
1754597435.571208 sending message 112 to peer 0x13064c4a6740 (6 bytes)
1754597435.571212 sending message 112 to peer 0x13064c4a6740 (9 bytes)
1754597435.571215 sending message 112 to peer 0x13064c4a6740 (13 bytes)
1754597435.571219 sending message 112 to peer 0x13064c4a6740 (12 bytes)
1754597435.571223 sending message 112 to peer 0x13064c4a6740 (8 bytes)
1754597435.571228 sending message 112 to peer 0x13064c4a6740 (14 bytes)
1754597435.571232 sending message 112 to peer 0x13064c4a6740 (9 bytes)
1754597435.571235 sending message 112 to peer 0x13064c4a6740 (10 bytes)
1754597435.571239 sending message 112 to peer 0x13064c4a6740 (10 bytes)
1754597435.571242 sending message 112 to peer 0x13064c4a6740 (10 bytes)
1754597435.571246 sending message 112 to peer 0x13064c4a6740 (10 bytes)
1754597435.571249 sending message 112 to peer 0x13064c4a6740 (11 bytes)
1754597435.571253 sending message 112 to peer 0x13064c4a6740 (9 bytes)
1754597435.571260 sending message 112 to peer 0x13064c4a6740 (8 bytes)
1754597435.571264 sending message 112 to peer 0x13064c4a6740 (11 bytes)
1754597435.571268 sending message 112 to peer 0x13064c4a6740 (11 bytes)
1754597435.571271 sending message 112 to peer 0x13064c4a6740 (11 bytes)
1754597435.571275 sending message 112 to peer 0x13064c4a6740 (8 bytes)
1754597435.571278 sending message 112 to peer 0x13064c4a6740 (8 bytes)
1754597435.571281 sending message 112 to peer 0x13064c4a6740 (8 bytes)
1754597435.571286 sending message 112 to peer 0x13064c4a6740 (10 bytes)
1754597435.571290 sending message 112 to peer 0x13064c4a6740 (10 bytes)
1754597435.571294 sending message 112 to peer 0x13064c4a6740 (10 bytes)
1754597435.571298 sending message 112 to peer 0x13064c4a6740 (10 bytes)
1754597435.571302 sending message 112 to peer 0x13064c4a6740 (10 bytes)
1754597435.571305 sending message 112 to peer 0x13064c4a6740 (10 bytes)
1754597435.571310 sending message 112 to peer 0x13064c4a6740 (11 bytes)
1754597435.571316 sending message 112 to peer 0x13064c4a6740 (10 bytes)
1754597435.571319 sending message 112 to peer 0x13064c4a6740 (9 bytes)
1754597435.571323 sending message 112 to peer 0x13064c4a6740 (9 bytes)
1754597435.571326 sending message 112 to peer 0x13064c4a6740 (12 bytes)
1754597435.571330 sending message 112 to peer 0x13064c4a6740 (9 bytes)
1754597435.571334 sending message 112 to peer 0x13064c4a6740 (6 bytes)
1754597435.571337 sending message 112 to peer 0x13064c4a6740 (13 bytes)
1754597435.571343 sending message 112 to peer 0x13064c4a6740 (10 bytes)
1754597435.571347 sending message 112 to peer 0x13064c4a6740 (15 bytes)
1754597435.571350 sending message 112 to peer 0x13064c4a6740 (13 bytes)
1754597435.571354 sending message 112 to peer 0x13064c4a6740 (20 bytes)
1754597435.571358 sending message 112 to peer 0x13064c4a6740 (20 bytes)
1754597435.571361 sending message 112 to peer 0x13064c4a6740 (9 bytes)
1754597435.571365 sending message 112 to peer 0x13064c4a6740 (10 bytes)
1754597435.571375 sending message 112 to peer 0x13064c4a6740 (10 bytes)
1754597435.571378 sending message 112 to peer 0x13064c4a6740 (15 bytes)
1754597435.571381 sending message 112 to peer 0x13064c4a6740 (13 bytes)
1754597435.571384 sending message 112 to peer 0x13064c4a6740 (10 bytes)
1754597435.571388 sending message 112 to peer 0x13064c4a6740 (10 bytes)
1754597435.571391 sending message 112 to peer 0x13064c4a6740 (9 bytes)
1754597435.571397 sending message 104 to peer 0x13064c4a6740 (0 bytes)
1754597435.571408 sending message 110 to peer 0x13064c4a6740 (0 bytes)
1754597435.571412 sending message 107 to peer 0x13064c4a6740 (4 bytes)
1754597435.571415 sending message 105 to peer 0x13064c4a6740 (34 bytes)
1754597435.571419 sending message 105 to peer 0x13064c4a6740 (13 bytes)
1754597435.571423 sending message 105 to peer 0x13064c4a6740 (11 bytes)
1754597435.571426 sending message 105 to peer 0x13064c4a6740 (13 bytes)
1754597435.571430 sending message 105 to peer 0x13064c4a6740 (20 bytes)
1754597435.571437 sending message 105 to peer 0x13064c4a6740 (102 bytes)
1754597435.571441 sending message 105 to peer 0x13064c4a6740 (16 bytes)
1754597435.571445 sending message 105 to peer 0x13064c4a6740 (13 bytes)
1754597435.571449 sending message 105 to peer 0x13064c4a6740 (21 bytes)
1754597435.571452 sending message 105 to peer 0x13064c4a6740 (17 bytes)
1754597435.571455 sending message 105 to peer 0x13064c4a6740 (19 bytes)
1754597435.571459 sending message 105 to peer 0x13064c4a6740 (11 bytes)
1754597435.571462 sending message 105 to peer 0x13064c4a6740 (10 bytes)
1754597435.571474 sending message 105 to peer 0x13064c4a6740 (54 bytes)
1754597435.571478 sending message 105 to peer 0x13064c4a6740 (14 bytes)
1754597435.571482 sending message 105 to peer 0x13064c4a6740 (33 bytes)
1754597435.571485 sending message 105 to peer 0x13064c4a6740 (17 bytes)
1754597435.571489 sending message 105 to peer 0x13064c4a6740 (12 bytes)
1754597435.571493 sending message 106 to peer 0x13064c4a6740 (0 bytes)
1754597435.571524 sending message 200 to peer 0x13064c4a6740 (4 bytes)
1754597435.571533 client loop enter
1754597435.571558 client_signal: Child exited
1754597435.629153 peer 0x13064c4a6740 message 207
1754597435.629175 sending message 208 to peer 0x13064c4a6740 (0 bytes)
1754597440.849018 peer 0x13064c4a6740 message 203
1754597440.849046 sending message 205 to peer 0x13064c4a6740 (0 bytes)
1754597440.849234 peer 0x13064c4a6740 message 204
1754597440.849243 client loop exit
